Vivado Simulator 2019.2
Time resolution is 1 ps
WARNING: This core is supplied with a behavioral model. To model cycle-accurate behavior you must run timing simulation.
WARNING: This core is supplied with a behavioral model. To model cycle-accurate behavior you must run timing simulation.
                   0 前指令型：R=x,I=x,B=x,S=x,J=x,U=x
                   0 存ζ:使能端=x, 型:xx, RAM[ x]=xxxxxxxx
                   0 存ζ髯x:x使能端=x, 型:xxx, RAM[ x]=xxxxxxxx
                   0 前指令地址addr：xxxxxxxx
                   0 前指令C器ains：xxxxxxxx
                   0 寄存器：使能端=x,Reg[ x]=xxxxxxxx 
                   0 寄存器x：端口1=Reg[ x]=xxxxxxxx 端口2=Reg[ x]=xxxxxxxx 
                   0 立即(符U展後)：imm12=xxxxxxxx, imm20=xxxxxxxx 
                   0 下l指令碓pcs：xx
                   0 跳Dl件c：x
                   5 前指令地址addr：00000000
                   5 前指令C器ains：04002183
                   5 寄存器：使能端=1,Reg[ 3]=0000000f 
                   5 寄存器x：端口1=Reg[ 0]=00000000 端口2=Reg[ 0]=00000000 
                   5 前指令型：R=0,I=1,B=0,S=0,J=0,U=0
                   5 立即(符U展後)：imm12=00000040, imm20=00000000 
                   5 存ζ:使能端=0, 型:10, RAM[ 0]=00000000
                   5 存ζ髯x:x使能端=1, 型:010, RAM[ 0]=00000000
                   5 下l指令碓pcs：00
                  15 前指令地址addr：00000004
                  15 前指令C器ains：00100093
                  15 寄存器：使能端=1,Reg[ 1]=00000001 
                  15 寄存器x：端口1=Reg[ 0]=00000000 端口2=Reg[ 1]=xxxxxxxx 
                  15 立即(符U展後)：imm12=00000001, imm20=00000000 
                  15 存ζ:使能端=0, 型:10, RAM[ 1]=00000000
                  15 存ζ髯x:x使能端=1, 型:010, RAM[ 1]=00000000
                  25 寄存器x：端口1=Reg[ 0]=00000000 端口2=Reg[ 1]=00000001 
                  25 前指令地址addr：00000008
                  25 前指令C器ains：00100113
                  25 寄存器：使能端=1,Reg[ 2]=00000001 
                  35 前指令地址addr：0000000c
                  35 前指令C器ains：00200593
                  35 寄存器：使能端=1,Reg[11]=00000002 
                  35 寄存器x：端口1=Reg[ 0]=00000000 端口2=Reg[ 2]=00000001 
                  35 立即(符U展後)：imm12=00000002, imm20=00000000 
                  35 存ζ:使能端=0, 型:10, RAM[ 2]=00000000
                  35 存ζ髯x:x使能端=1, 型:010, RAM[ 2]=00000000
                  45 前指令地址addr：00000010
                  45 前指令C器ains：00300213
                  45 寄存器：使能端=1,Reg[ 4]=00000003 
                  45 寄存器x：端口1=Reg[ 0]=00000000 端口2=Reg[ 3]=0000000f 
                  45 立即(符U展後)：imm12=00000003, imm20=00000000 
                  45 存ζ:使能端=0, 型:10, RAM[ 3]=00000000
                  45 存ζ髯x:x使能端=1, 型:010, RAM[ 3]=00000000
                  55 前指令地址addr：00000014
                  55 前指令C器ains：00418c63
                  55 寄存器：使能端=0,Reg[24]=0000000c 
                  55 寄存器x：端口1=Reg[ 3]=0000000f 端口2=Reg[ 4]=00000003 
                  55 前指令型：R=0,I=0,B=1,S=0,J=0,U=0
                  55 立即(符U展後)：imm12=0000000c, imm20=00000000 
                  55 存ζ:使能端=0, 型:10, RAM[12]=00000000
                  55 存ζ髯x:x使能端=1, 型:010, RAM[12]=00000000
                  55 跳Dl件c：0
                  65 前指令地址addr：00000018
                  65 前指令C器ains：00b000b3
                  65 寄存器：使能端=1,Reg[ 1]=00000002 
                  65 寄存器x：端口1=Reg[ 0]=00000000 端口2=Reg[11]=00000002 
                  65 前指令型：R=1,I=0,B=0,S=0,J=0,U=0
                  65 立即(符U展後)：imm12=00000000, imm20=00000000 
                  65 存ζ:使能端=0, 型:10, RAM[ 2]=00000000
                  65 存ζ髯x:x使能端=1, 型:010, RAM[ 2]=00000000
                  75 前指令地址addr：0000001c
                  75 前指令C器ains：002085b3
                  75 寄存器：使能端=1,Reg[11]=00000003 
                  75 寄存器x：端口1=Reg[ 1]=00000002 端口2=Reg[ 2]=00000001 
                  75 存ζ:使能端=0, 型:10, RAM[ 3]=00000000
                  75 存ζ髯x:x使能端=1, 型:010, RAM[ 3]=00000000
                  85 前指令地址addr：00000020
                  85 前指令C器ains：00100133
                  85 寄存器：使能端=1,Reg[ 2]=00000002 
                  85 寄存器x：端口1=Reg[ 0]=00000000 端口2=Reg[ 1]=00000002 
                  85 存ζ:使能端=0, 型:10, RAM[ 2]=00000000
                  85 存ζ髯x:x使能端=1, 型:010, RAM[ 2]=00000000
                  95 前指令地址addr：00000024
                  95 前指令C器ains：00120213
                  95 寄存器：使能端=1,Reg[ 4]=00000004 
                  95 寄存器x：端口1=Reg[ 4]=00000003 端口2=Reg[ 1]=00000002 
                  95 前指令型：R=0,I=1,B=0,S=0,J=0,U=0
                  95 立即(符U展後)：imm12=00000001, imm20=00000000 
                  95 存ζ:使能端=0, 型:10, RAM[ 4]=00000000
                  95 存ζ髯x:x使能端=1, 型:010, RAM[ 4]=00000000
                 105 寄存器x：端口1=Reg[ 4]=00000004 端口2=Reg[ 3]=0000000f 
                 105 前指令地址addr：00000028
                 105 存ζ:使能端=0, 型:10, RAM[ 1]=00000000
                 105 存ζ髯x:x使能端=1, 型:010, RAM[ 1]=00000000
                 105 寄存器：使能端=0,Reg[17]=00000001 
                 105 前指令C器ains：fe3248e3
                 105 前指令型：R=0,I=0,B=1,S=0,J=0,U=0
                 105 立即(符U展後)：imm12=fffffff8, imm20=00000000 
                 105 跳Dl件c：1
                 105 下l指令碓pcs：01
                 115 前指令地址addr：00000018
                 115 前指令C器ains：00b000b3
                 115 寄存器：使能端=1,Reg[ 1]=00000003 
                 115 寄存器x：端口1=Reg[ 0]=00000000 端口2=Reg[11]=00000003 
                 115 前指令型：R=1,I=0,B=0,S=0,J=0,U=0
                 115 立即(符U展後)：imm12=00000000, imm20=00000000 
                 115 下l指令碓pcs：00
                 115 存ζ:使能端=0, 型:10, RAM[ 3]=00000000
                 115 存ζ髯x:x使能端=1, 型:010, RAM[ 3]=00000000
                 125 前指令地址addr：0000001c
                 125 前指令C器ains：002085b3
                 125 寄存器：使能端=1,Reg[11]=00000005 
                 125 寄存器x：端口1=Reg[ 1]=00000003 端口2=Reg[ 2]=00000002 
                 125 存ζ:使能端=0, 型:10, RAM[ 5]=00000000
                 125 存ζ髯x:x使能端=1, 型:010, RAM[ 5]=00000000
                 135 前指令地址addr：00000020
                 135 前指令C器ains：00100133
                 135 寄存器：使能端=1,Reg[ 2]=00000003 
                 135 寄存器x：端口1=Reg[ 0]=00000000 端口2=Reg[ 1]=00000003 
                 135 存ζ:使能端=0, 型:10, RAM[ 3]=00000000
                 135 存ζ髯x:x使能端=1, 型:010, RAM[ 3]=00000000
                 145 前指令地址addr：00000024
                 145 前指令C器ains：00120213
                 145 寄存器：使能端=1,Reg[ 4]=00000005 
                 145 寄存器x：端口1=Reg[ 4]=00000004 端口2=Reg[ 1]=00000003 
                 145 前指令型：R=0,I=1,B=0,S=0,J=0,U=0
                 145 立即(符U展後)：imm12=00000001, imm20=00000000 
                 145 存ζ:使能端=0, 型:10, RAM[ 5]=00000000
                 145 存ζ髯x:x使能端=1, 型:010, RAM[ 5]=00000000
                 155 寄存器x：端口1=Reg[ 4]=00000005 端口2=Reg[ 3]=0000000f 
                 155 前指令地址addr：00000028
                 155 存ζ:使能端=0, 型:10, RAM[ 1]=00000000
                 155 存ζ髯x:x使能端=1, 型:010, RAM[ 1]=00000000
                 155 寄存器：使能端=0,Reg[17]=00000001 
                 155 前指令C器ains：fe3248e3
                 155 前指令型：R=0,I=0,B=1,S=0,J=0,U=0
                 155 立即(符U展後)：imm12=fffffff8, imm20=00000000 
                 155 下l指令碓pcs：01
                 165 前指令地址addr：00000018
                 165 前指令C器ains：00b000b3
                 165 寄存器：使能端=1,Reg[ 1]=00000005 
                 165 寄存器x：端口1=Reg[ 0]=00000000 端口2=Reg[11]=00000005 
                 165 前指令型：R=1,I=0,B=0,S=0,J=0,U=0
                 165 立即(符U展後)：imm12=00000000, imm20=00000000 
                 165 下l指令碓pcs：00
                 165 存ζ:使能端=0, 型:10, RAM[ 5]=00000000
                 165 存ζ髯x:x使能端=1, 型:010, RAM[ 5]=00000000
                 175 前指令地址addr：0000001c
                 175 前指令C器ains：002085b3
                 175 寄存器：使能端=1,Reg[11]=00000008 
                 175 寄存器x：端口1=Reg[ 1]=00000005 端口2=Reg[ 2]=00000003 
                 175 存ζ:使能端=0, 型:10, RAM[ 8]=00000000
                 175 存ζ髯x:x使能端=1, 型:010, RAM[ 8]=00000000
                 185 前指令地址addr：00000020
                 185 前指令C器ains：00100133
                 185 寄存器：使能端=1,Reg[ 2]=00000005 
                 185 寄存器x：端口1=Reg[ 0]=00000000 端口2=Reg[ 1]=00000005 
                 185 存ζ:使能端=0, 型:10, RAM[ 5]=00000000
                 185 存ζ髯x:x使能端=1, 型:010, RAM[ 5]=00000000
                 195 前指令地址addr：00000024
                 195 前指令C器ains：00120213
                 195 寄存器：使能端=1,Reg[ 4]=00000006 
                 195 寄存器x：端口1=Reg[ 4]=00000005 端口2=Reg[ 1]=00000005 
                 195 前指令型：R=0,I=1,B=0,S=0,J=0,U=0
                 195 立即(符U展後)：imm12=00000001, imm20=00000000 
                 195 存ζ:使能端=0, 型:10, RAM[ 6]=00000000
                 195 存ζ髯x:x使能端=1, 型:010, RAM[ 6]=00000000
                 205 寄存器x：端口1=Reg[ 4]=00000006 端口2=Reg[ 3]=0000000f 
                 205 前指令地址addr：00000028
                 205 存ζ:使能端=0, 型:10, RAM[ 1]=00000000
                 205 存ζ髯x:x使能端=1, 型:010, RAM[ 1]=00000000
                 205 寄存器：使能端=0,Reg[17]=00000001 
                 205 前指令C器ains：fe3248e3
                 205 前指令型：R=0,I=0,B=1,S=0,J=0,U=0
                 205 立即(符U展後)：imm12=fffffff8, imm20=00000000 
                 205 下l指令碓pcs：01
                 215 前指令地址addr：00000018
                 215 前指令C器ains：00b000b3
                 215 寄存器：使能端=1,Reg[ 1]=00000008 
                 215 寄存器x：端口1=Reg[ 0]=00000000 端口2=Reg[11]=00000008 
                 215 前指令型：R=1,I=0,B=0,S=0,J=0,U=0
                 215 立即(符U展後)：imm12=00000000, imm20=00000000 
                 215 下l指令碓pcs：00
                 215 存ζ:使能端=0, 型:10, RAM[ 8]=00000000
                 215 存ζ髯x:x使能端=1, 型:010, RAM[ 8]=00000000
                 225 前指令地址addr：0000001c
                 225 前指令C器ains：002085b3
                 225 寄存器：使能端=1,Reg[11]=0000000d 
                 225 寄存器x：端口1=Reg[ 1]=00000008 端口2=Reg[ 2]=00000005 
                 225 存ζ:使能端=0, 型:10, RAM[13]=00000000
                 225 存ζ髯x:x使能端=1, 型:010, RAM[13]=00000000
                 235 前指令地址addr：00000020
                 235 前指令C器ains：00100133
                 235 寄存器：使能端=1,Reg[ 2]=00000008 
                 235 寄存器x：端口1=Reg[ 0]=00000000 端口2=Reg[ 1]=00000008 
                 235 存ζ:使能端=0, 型:10, RAM[ 8]=00000000
                 235 存ζ髯x:x使能端=1, 型:010, RAM[ 8]=00000000
                 245 前指令地址addr：00000024
                 245 前指令C器ains：00120213
                 245 寄存器：使能端=1,Reg[ 4]=00000007 
                 245 寄存器x：端口1=Reg[ 4]=00000006 端口2=Reg[ 1]=00000008 
                 245 前指令型：R=0,I=1,B=0,S=0,J=0,U=0
                 245 立即(符U展後)：imm12=00000001, imm20=00000000 
                 245 存ζ:使能端=0, 型:10, RAM[ 7]=00000000
                 245 存ζ髯x:x使能端=1, 型:010, RAM[ 7]=00000000
                 255 寄存器x：端口1=Reg[ 4]=00000007 端口2=Reg[ 3]=0000000f 
                 255 前指令地址addr：00000028
                 255 存ζ:使能端=0, 型:10, RAM[ 1]=00000000
                 255 存ζ髯x:x使能端=1, 型:010, RAM[ 1]=00000000
                 255 寄存器：使能端=0,Reg[17]=00000001 
                 255 前指令C器ains：fe3248e3
                 255 前指令型：R=0,I=0,B=1,S=0,J=0,U=0
                 255 立即(符U展後)：imm12=fffffff8, imm20=00000000 
                 255 下l指令碓pcs：01
                 265 前指令地址addr：00000018
                 265 前指令C器ains：00b000b3
                 265 寄存器：使能端=1,Reg[ 1]=0000000d 
                 265 寄存器x：端口1=Reg[ 0]=00000000 端口2=Reg[11]=0000000d 
                 265 前指令型：R=1,I=0,B=0,S=0,J=0,U=0
                 265 立即(符U展後)：imm12=00000000, imm20=00000000 
                 265 下l指令碓pcs：00
                 265 存ζ:使能端=0, 型:10, RAM[13]=00000000
                 265 存ζ髯x:x使能端=1, 型:010, RAM[13]=00000000
                 275 前指令地址addr：0000001c
                 275 前指令C器ains：002085b3
                 275 寄存器：使能端=1,Reg[11]=00000015 
                 275 寄存器x：端口1=Reg[ 1]=0000000d 端口2=Reg[ 2]=00000008 
                 275 存ζ:使能端=0, 型:10, RAM[21]=00000000
                 275 存ζ髯x:x使能端=1, 型:010, RAM[21]=00000000
                 285 前指令地址addr：00000020
                 285 前指令C器ains：00100133
                 285 寄存器：使能端=1,Reg[ 2]=0000000d 
                 285 寄存器x：端口1=Reg[ 0]=00000000 端口2=Reg[ 1]=0000000d 
                 285 存ζ:使能端=0, 型:10, RAM[13]=00000000
                 285 存ζ髯x:x使能端=1, 型:010, RAM[13]=00000000
                 295 前指令地址addr：00000024
                 295 前指令C器ains：00120213
                 295 寄存器：使能端=1,Reg[ 4]=00000008 
                 295 寄存器x：端口1=Reg[ 4]=00000007 端口2=Reg[ 1]=0000000d 
                 295 前指令型：R=0,I=1,B=0,S=0,J=0,U=0
                 295 立即(符U展後)：imm12=00000001, imm20=00000000 
                 295 存ζ:使能端=0, 型:10, RAM[ 8]=00000000
                 295 存ζ髯x:x使能端=1, 型:010, RAM[ 8]=00000000
                 305 寄存器x：端口1=Reg[ 4]=00000008 端口2=Reg[ 3]=0000000f 
                 305 前指令地址addr：00000028
                 305 存ζ:使能端=0, 型:10, RAM[ 1]=00000000
                 305 存ζ髯x:x使能端=1, 型:010, RAM[ 1]=00000000
                 305 寄存器：使能端=0,Reg[17]=00000001 
                 305 前指令C器ains：fe3248e3
                 305 前指令型：R=0,I=0,B=1,S=0,J=0,U=0
                 305 立即(符U展後)：imm12=fffffff8, imm20=00000000 
                 305 下l指令碓pcs：01
                 315 前指令地址addr：00000018
                 315 前指令C器ains：00b000b3
                 315 寄存器：使能端=1,Reg[ 1]=00000015 
                 315 寄存器x：端口1=Reg[ 0]=00000000 端口2=Reg[11]=00000015 
                 315 前指令型：R=1,I=0,B=0,S=0,J=0,U=0
                 315 立即(符U展後)：imm12=00000000, imm20=00000000 
                 315 下l指令碓pcs：00
                 315 存ζ:使能端=0, 型:10, RAM[21]=00000000
                 315 存ζ髯x:x使能端=1, 型:010, RAM[21]=00000000
                 325 前指令地址addr：0000001c
                 325 前指令C器ains：002085b3
                 325 寄存器：使能端=1,Reg[11]=00000022 
                 325 寄存器x：端口1=Reg[ 1]=00000015 端口2=Reg[ 2]=0000000d 
                 325 存ζ:使能端=0, 型:10, RAM[34]=00000000
                 325 存ζ髯x:x使能端=1, 型:010, RAM[34]=00000000
                 335 前指令地址addr：00000020
                 335 前指令C器ains：00100133
                 335 寄存器：使能端=1,Reg[ 2]=00000015 
                 335 寄存器x：端口1=Reg[ 0]=00000000 端口2=Reg[ 1]=00000015 
                 335 存ζ:使能端=0, 型:10, RAM[21]=00000000
                 335 存ζ髯x:x使能端=1, 型:010, RAM[21]=00000000
                 345 前指令地址addr：00000024
                 345 前指令C器ains：00120213
                 345 寄存器：使能端=1,Reg[ 4]=00000009 
                 345 寄存器x：端口1=Reg[ 4]=00000008 端口2=Reg[ 1]=00000015 
                 345 前指令型：R=0,I=1,B=0,S=0,J=0,U=0
                 345 立即(符U展後)：imm12=00000001, imm20=00000000 
                 345 存ζ:使能端=0, 型:10, RAM[ 9]=00000000
                 345 存ζ髯x:x使能端=1, 型:010, RAM[ 9]=00000000
                 355 寄存器x：端口1=Reg[ 4]=00000009 端口2=Reg[ 3]=0000000f 
                 355 前指令地址addr：00000028
                 355 存ζ:使能端=0, 型:10, RAM[ 1]=00000000
                 355 存ζ髯x:x使能端=1, 型:010, RAM[ 1]=00000000
                 355 寄存器：使能端=0,Reg[17]=00000001 
                 355 前指令C器ains：fe3248e3
                 355 前指令型：R=0,I=0,B=1,S=0,J=0,U=0
                 355 立即(符U展後)：imm12=fffffff8, imm20=00000000 
                 355 下l指令碓pcs：01
                 365 前指令地址addr：00000018
                 365 前指令C器ains：00b000b3
                 365 寄存器：使能端=1,Reg[ 1]=00000022 
                 365 寄存器x：端口1=Reg[ 0]=00000000 端口2=Reg[11]=00000022 
                 365 前指令型：R=1,I=0,B=0,S=0,J=0,U=0
                 365 立即(符U展後)：imm12=00000000, imm20=00000000 
                 365 下l指令碓pcs：00
                 365 存ζ:使能端=0, 型:10, RAM[34]=00000000
                 365 存ζ髯x:x使能端=1, 型:010, RAM[34]=00000000
                 375 前指令地址addr：0000001c
                 375 前指令C器ains：002085b3
                 375 寄存器：使能端=1,Reg[11]=00000037 
                 375 寄存器x：端口1=Reg[ 1]=00000022 端口2=Reg[ 2]=00000015 
                 375 存ζ:使能端=0, 型:10, RAM[55]=00000000
                 375 存ζ髯x:x使能端=1, 型:010, RAM[55]=00000000
                 385 前指令地址addr：00000020
                 385 前指令C器ains：00100133
                 385 寄存器：使能端=1,Reg[ 2]=00000022 
                 385 寄存器x：端口1=Reg[ 0]=00000000 端口2=Reg[ 1]=00000022 
                 385 存ζ:使能端=0, 型:10, RAM[34]=00000000
                 385 存ζ髯x:x使能端=1, 型:010, RAM[34]=00000000
                 395 前指令地址addr：00000024
                 395 前指令C器ains：00120213
                 395 寄存器：使能端=1,Reg[ 4]=0000000a 
                 395 寄存器x：端口1=Reg[ 4]=00000009 端口2=Reg[ 1]=00000022 
                 395 前指令型：R=0,I=1,B=0,S=0,J=0,U=0
                 395 立即(符U展後)：imm12=00000001, imm20=00000000 
                 395 存ζ:使能端=0, 型:10, RAM[10]=00000000
                 395 存ζ髯x:x使能端=1, 型:010, RAM[10]=00000000
                 405 寄存器x：端口1=Reg[ 4]=0000000a 端口2=Reg[ 3]=0000000f 
                 405 前指令地址addr：00000028
                 405 存ζ:使能端=0, 型:10, RAM[ 1]=00000000
                 405 存ζ髯x:x使能端=1, 型:010, RAM[ 1]=00000000
                 405 寄存器：使能端=0,Reg[17]=00000001 
                 405 前指令C器ains：fe3248e3
                 405 前指令型：R=0,I=0,B=1,S=0,J=0,U=0
                 405 立即(符U展後)：imm12=fffffff8, imm20=00000000 
                 405 下l指令碓pcs：01
                 415 前指令地址addr：00000018
                 415 前指令C器ains：00b000b3
                 415 寄存器：使能端=1,Reg[ 1]=00000037 
                 415 寄存器x：端口1=Reg[ 0]=00000000 端口2=Reg[11]=00000037 
                 415 前指令型：R=1,I=0,B=0,S=0,J=0,U=0
                 415 立即(符U展後)：imm12=00000000, imm20=00000000 
                 415 下l指令碓pcs：00
                 415 存ζ:使能端=0, 型:10, RAM[55]=00000000
                 415 存ζ髯x:x使能端=1, 型:010, RAM[55]=00000000
                 425 前指令地址addr：0000001c
                 425 前指令C器ains：002085b3
                 425 寄存器：使能端=1,Reg[11]=00000059 
                 425 寄存器x：端口1=Reg[ 1]=00000037 端口2=Reg[ 2]=00000022 
                 425 存ζ:使能端=0, 型:10, RAM[25]=00000000
                 425 存ζ髯x:x使能端=1, 型:010, RAM[25]=00000000
                 435 前指令地址addr：00000020
                 435 前指令C器ains：00100133
                 435 寄存器：使能端=1,Reg[ 2]=00000037 
                 435 寄存器x：端口1=Reg[ 0]=00000000 端口2=Reg[ 1]=00000037 
                 435 存ζ:使能端=0, 型:10, RAM[55]=00000000
                 435 存ζ髯x:x使能端=1, 型:010, RAM[55]=00000000
                 445 前指令地址addr：00000024
                 445 前指令C器ains：00120213
                 445 寄存器：使能端=1,Reg[ 4]=0000000b 
                 445 寄存器x：端口1=Reg[ 4]=0000000a 端口2=Reg[ 1]=00000037 
                 445 前指令型：R=0,I=1,B=0,S=0,J=0,U=0
                 445 立即(符U展後)：imm12=00000001, imm20=00000000 
                 445 存ζ:使能端=0, 型:10, RAM[11]=00000000
                 445 存ζ髯x:x使能端=1, 型:010, RAM[11]=00000000
                 455 寄存器x：端口1=Reg[ 4]=0000000b 端口2=Reg[ 3]=0000000f 
                 455 前指令地址addr：00000028
                 455 存ζ:使能端=0, 型:10, RAM[ 1]=00000000
                 455 存ζ髯x:x使能端=1, 型:010, RAM[ 1]=00000000
                 455 寄存器：使能端=0,Reg[17]=00000001 
                 455 前指令C器ains：fe3248e3
                 455 前指令型：R=0,I=0,B=1,S=0,J=0,U=0
                 455 立即(符U展後)：imm12=fffffff8, imm20=00000000 
                 455 下l指令碓pcs：01
                 465 前指令地址addr：00000018
                 465 前指令C器ains：00b000b3
                 465 寄存器：使能端=1,Reg[ 1]=00000059 
                 465 寄存器x：端口1=Reg[ 0]=00000000 端口2=Reg[11]=00000059 
                 465 前指令型：R=1,I=0,B=0,S=0,J=0,U=0
                 465 立即(符U展後)：imm12=00000000, imm20=00000000 
                 465 下l指令碓pcs：00
                 465 存ζ:使能端=0, 型:10, RAM[25]=00000000
                 465 存ζ髯x:x使能端=1, 型:010, RAM[25]=00000000
                 475 前指令地址addr：0000001c
                 475 前指令C器ains：002085b3
                 475 寄存器：使能端=1,Reg[11]=00000090 
                 475 寄存器x：端口1=Reg[ 1]=00000059 端口2=Reg[ 2]=00000037 
                 475 存ζ:使能端=0, 型:10, RAM[16]=00000000
                 475 存ζ髯x:x使能端=1, 型:010, RAM[16]=00000000
                 485 前指令地址addr：00000020
                 485 前指令C器ains：00100133
                 485 寄存器：使能端=1,Reg[ 2]=00000059 
                 485 寄存器x：端口1=Reg[ 0]=00000000 端口2=Reg[ 1]=00000059 
                 485 存ζ:使能端=0, 型:10, RAM[25]=00000000
                 485 存ζ髯x:x使能端=1, 型:010, RAM[25]=00000000
                 495 前指令地址addr：00000024
                 495 前指令C器ains：00120213
                 495 寄存器：使能端=1,Reg[ 4]=0000000c 
                 495 寄存器x：端口1=Reg[ 4]=0000000b 端口2=Reg[ 1]=00000059 
                 495 前指令型：R=0,I=1,B=0,S=0,J=0,U=0
                 495 立即(符U展後)：imm12=00000001, imm20=00000000 
                 495 存ζ:使能端=0, 型:10, RAM[12]=00000000
                 495 存ζ髯x:x使能端=1, 型:010, RAM[12]=00000000
                 505 寄存器x：端口1=Reg[ 4]=0000000c 端口2=Reg[ 3]=0000000f 
                 505 前指令地址addr：00000028
                 505 存ζ:使能端=0, 型:10, RAM[ 1]=00000000
                 505 存ζ髯x:x使能端=1, 型:010, RAM[ 1]=00000000
                 505 寄存器：使能端=0,Reg[17]=00000001 
                 505 前指令C器ains：fe3248e3
                 505 前指令型：R=0,I=0,B=1,S=0,J=0,U=0
                 505 立即(符U展後)：imm12=fffffff8, imm20=00000000 
                 505 下l指令碓pcs：01
                 515 前指令地址addr：00000018
                 515 前指令C器ains：00b000b3
                 515 寄存器：使能端=1,Reg[ 1]=00000090 
                 515 寄存器x：端口1=Reg[ 0]=00000000 端口2=Reg[11]=00000090 
                 515 前指令型：R=1,I=0,B=0,S=0,J=0,U=0
                 515 立即(符U展後)：imm12=00000000, imm20=00000000 
                 515 下l指令碓pcs：00
                 515 存ζ:使能端=0, 型:10, RAM[16]=00000000
                 515 存ζ髯x:x使能端=1, 型:010, RAM[16]=00000000
                 525 前指令地址addr：0000001c
                 525 前指令C器ains：002085b3
                 525 寄存器：使能端=1,Reg[11]=000000e9 
                 525 寄存器x：端口1=Reg[ 1]=00000090 端口2=Reg[ 2]=00000059 
                 525 存ζ:使能端=0, 型:10, RAM[41]=00000000
                 525 存ζ髯x:x使能端=1, 型:010, RAM[41]=00000000
                 535 前指令地址addr：00000020
                 535 前指令C器ains：00100133
                 535 寄存器：使能端=1,Reg[ 2]=00000090 
                 535 寄存器x：端口1=Reg[ 0]=00000000 端口2=Reg[ 1]=00000090 
                 535 存ζ:使能端=0, 型:10, RAM[16]=00000000
                 535 存ζ髯x:x使能端=1, 型:010, RAM[16]=00000000
                 545 前指令地址addr：00000024
                 545 前指令C器ains：00120213
                 545 寄存器：使能端=1,Reg[ 4]=0000000d 
                 545 寄存器x：端口1=Reg[ 4]=0000000c 端口2=Reg[ 1]=00000090 
                 545 前指令型：R=0,I=1,B=0,S=0,J=0,U=0
                 545 立即(符U展後)：imm12=00000001, imm20=00000000 
                 545 存ζ:使能端=0, 型:10, RAM[13]=00000000
                 545 存ζ髯x:x使能端=1, 型:010, RAM[13]=00000000
                 555 寄存器x：端口1=Reg[ 4]=0000000d 端口2=Reg[ 3]=0000000f 
                 555 前指令地址addr：00000028
                 555 存ζ:使能端=0, 型:10, RAM[ 1]=00000000
                 555 存ζ髯x:x使能端=1, 型:010, RAM[ 1]=00000000
                 555 寄存器：使能端=0,Reg[17]=00000001 
                 555 前指令C器ains：fe3248e3
                 555 前指令型：R=0,I=0,B=1,S=0,J=0,U=0
                 555 立即(符U展後)：imm12=fffffff8, imm20=00000000 
                 555 下l指令碓pcs：01
                 565 前指令地址addr：00000018
                 565 前指令C器ains：00b000b3
                 565 寄存器：使能端=1,Reg[ 1]=000000e9 
                 565 寄存器x：端口1=Reg[ 0]=00000000 端口2=Reg[11]=000000e9 
                 565 前指令型：R=1,I=0,B=0,S=0,J=0,U=0
                 565 立即(符U展後)：imm12=00000000, imm20=00000000 
                 565 下l指令碓pcs：00
                 565 存ζ:使能端=0, 型:10, RAM[41]=00000000
                 565 存ζ髯x:x使能端=1, 型:010, RAM[41]=00000000
                 575 前指令地址addr：0000001c
                 575 前指令C器ains：002085b3
                 575 寄存器：使能端=1,Reg[11]=00000179 
                 575 寄存器x：端口1=Reg[ 1]=000000e9 端口2=Reg[ 2]=00000090 
                 575 存ζ:使能端=0, 型:10, RAM[57]=00000000
                 575 存ζ髯x:x使能端=1, 型:010, RAM[57]=00000000
                 585 前指令地址addr：00000020
                 585 前指令C器ains：00100133
                 585 寄存器：使能端=1,Reg[ 2]=000000e9 
                 585 寄存器x：端口1=Reg[ 0]=00000000 端口2=Reg[ 1]=000000e9 
                 585 存ζ:使能端=0, 型:10, RAM[41]=00000000
                 585 存ζ髯x:x使能端=1, 型:010, RAM[41]=00000000
                 595 前指令地址addr：00000024
                 595 前指令C器ains：00120213
                 595 寄存器：使能端=1,Reg[ 4]=0000000e 
                 595 寄存器x：端口1=Reg[ 4]=0000000d 端口2=Reg[ 1]=000000e9 
                 595 前指令型：R=0,I=1,B=0,S=0,J=0,U=0
                 595 立即(符U展後)：imm12=00000001, imm20=00000000 
                 595 存ζ:使能端=0, 型:10, RAM[14]=00000000
                 595 存ζ髯x:x使能端=1, 型:010, RAM[14]=00000000
                 605 寄存器x：端口1=Reg[ 4]=0000000e 端口2=Reg[ 3]=0000000f 
                 605 前指令地址addr：00000028
                 605 存ζ:使能端=0, 型:10, RAM[ 1]=00000000
                 605 存ζ髯x:x使能端=1, 型:010, RAM[ 1]=00000000
                 605 寄存器：使能端=0,Reg[17]=00000001 
                 605 前指令C器ains：fe3248e3
                 605 前指令型：R=0,I=0,B=1,S=0,J=0,U=0
                 605 立即(符U展後)：imm12=fffffff8, imm20=00000000 
                 605 下l指令碓pcs：01
                 615 前指令地址addr：00000018
                 615 前指令C器ains：00b000b3
                 615 寄存器：使能端=1,Reg[ 1]=00000179 
                 615 寄存器x：端口1=Reg[ 0]=00000000 端口2=Reg[11]=00000179 
                 615 前指令型：R=1,I=0,B=0,S=0,J=0,U=0
                 615 立即(符U展後)：imm12=00000000, imm20=00000000 
                 615 下l指令碓pcs：00
                 615 存ζ:使能端=0, 型:10, RAM[57]=00000000
                 615 存ζ髯x:x使能端=1, 型:010, RAM[57]=00000000
                 625 前指令地址addr：0000001c
                 625 前指令C器ains：002085b3
                 625 寄存器：使能端=1,Reg[11]=00000262 
                 625 寄存器x：端口1=Reg[ 1]=00000179 端口2=Reg[ 2]=000000e9 
                 625 存ζ:使能端=0, 型:10, RAM[34]=00000000
                 625 存ζ髯x:x使能端=1, 型:010, RAM[34]=00000000
                 635 前指令地址addr：00000020
                 635 前指令C器ains：00100133
                 635 寄存器：使能端=1,Reg[ 2]=00000179 
                 635 寄存器x：端口1=Reg[ 0]=00000000 端口2=Reg[ 1]=00000179 
                 635 存ζ:使能端=0, 型:10, RAM[57]=00000000
                 635 存ζ髯x:x使能端=1, 型:010, RAM[57]=00000000
                 645 前指令地址addr：00000024
                 645 前指令C器ains：00120213
                 645 寄存器：使能端=1,Reg[ 4]=0000000f 
                 645 寄存器x：端口1=Reg[ 4]=0000000e 端口2=Reg[ 1]=00000179 
                 645 前指令型：R=0,I=1,B=0,S=0,J=0,U=0
                 645 立即(符U展後)：imm12=00000001, imm20=00000000 
                 645 存ζ:使能端=0, 型:10, RAM[15]=00000000
                 645 存ζ髯x:x使能端=1, 型:010, RAM[15]=00000000
                 655 寄存器x：端口1=Reg[ 4]=0000000f 端口2=Reg[ 3]=0000000f 
                 655 前指令地址addr：00000028
                 655 存ζ:使能端=0, 型:10, RAM[ 0]=00000000
                 655 存ζ髯x:x使能端=1, 型:010, RAM[ 0]=00000000
                 655 寄存器：使能端=0,Reg[17]=00000000 
                 655 前指令C器ains：fe3248e3
                 655 前指令型：R=0,I=0,B=1,S=0,J=0,U=0
                 655 立即(符U展後)：imm12=fffffff8, imm20=00000000 
                 655 跳Dl件c：0
                 665 前指令地址addr：0000002c
                 665 前指令C器ains：00100193
                 665 寄存器：使能端=1,Reg[ 3]=00000001 
                 665 寄存器x：端口1=Reg[ 0]=00000000 端口2=Reg[ 1]=00000179 
                 665 前指令型：R=0,I=1,B=0,S=0,J=0,U=0
                 665 立即(符U展後)：imm12=00000001, imm20=00000000 
                 665 跳Dl件c：1
                 665 存ζ:使能端=0, 型:10, RAM[ 1]=00000000
                 665 存ζ髯x:x使能端=1, 型:010, RAM[ 1]=00000000
                 675 前指令地址addr：00000030
                 675 前指令C器ains：08b02023
                 675 寄存器：使能端=0,Reg[ 0]=00000080 
                 675 寄存器x：端口1=Reg[ 0]=00000000 端口2=Reg[11]=00000262 
                 675 前指令型：R=0,I=0,B=0,S=1,J=0,U=0
                 675 立即(符U展後)：imm12=00000080, imm20=00000000 
                 675 存ζ:使能端=0, 型:10, RAM[ 0]=00000000
                 675 存ζ髯x:x使能端=1, 型:010, RAM[ 0]=00000000
                 685 前指令地址addr：00000034
                 685 前指令C器ains：00000000
                 685 寄存器x：端口1=Reg[ 0]=00000000 端口2=Reg[ 0]=00000000 
                 685 前指令型：R=0,I=0,B=0,S=0,J=0,U=0
                 685 立即(符U展後)：imm12=00000000, imm20=00000000 
                 685 存ζ:使能端=1, 型:10, RAM[ 0]=00000000
                 685 寄存器：使能端=0,Reg[ 0]=00000000 
                 685 存ζ髯x:x使能端=0, 型:010, RAM[ 0]=00000000
                 695 前指令地址addr：00000038
                 705 前指令地址addr：0000003c
                 715 前指令地址addr：00000040
                 715 前指令C器ains：04002183
                 715 寄存器：使能端=1,Reg[ 3]=0000000f 
                 715 前指令型：R=0,I=1,B=0,S=0,J=0,U=0
                 715 立即(符U展後)：imm12=00000040, imm20=00000000 
                 715 存ζ:使能端=0, 型:10, RAM[ 0]=00000000
                 715 存ζ髯x:x使能端=1, 型:010, RAM[ 0]=00000000
                 725 前指令地址addr：00000044
                 725 前指令C器ains：00100093
                 725 寄存器：使能端=1,Reg[ 1]=00000001 
                 725 寄存器x：端口1=Reg[ 0]=00000000 端口2=Reg[ 1]=00000179 
                 725 立即(符U展後)：imm12=00000001, imm20=00000000 
                 725 存ζ:使能端=0, 型:10, RAM[ 1]=00000000
                 725 存ζ髯x:x使能端=1, 型:010, RAM[ 1]=00000000
                 735 寄存器x：端口1=Reg[ 0]=00000000 端口2=Reg[ 1]=00000001 
                 735 前指令地址addr：00000048
                 735 前指令C器ains：00100113
                 735 寄存器：使能端=1,Reg[ 2]=00000001 
                 745 前指令地址addr：0000004c
                 745 前指令C器ains：00200593
                 745 寄存器：使能端=1,Reg[11]=00000002 
                 745 寄存器x：端口1=Reg[ 0]=00000000 端口2=Reg[ 2]=00000001 
                 745 立即(符U展後)：imm12=00000002, imm20=00000000 
                 745 存ζ:使能端=0, 型:10, RAM[ 2]=00000000
                 745 存ζ髯x:x使能端=1, 型:010, RAM[ 2]=00000000
                 755 前指令地址addr：00000050
                 755 前指令C器ains：00300213
                 755 寄存器：使能端=1,Reg[ 4]=00000003 
                 755 寄存器x：端口1=Reg[ 0]=00000000 端口2=Reg[ 3]=0000000f 
                 755 立即(符U展後)：imm12=00000003, imm20=00000000 
                 755 存ζ:使能端=0, 型:10, RAM[ 3]=00000000
                 755 存ζ髯x:x使能端=1, 型:010, RAM[ 3]=00000000
                 765 前指令地址addr：00000054
                 765 前指令C器ains：00418c63
                 765 寄存器：使能端=0,Reg[24]=0000000c 
                 765 寄存器x：端口1=Reg[ 3]=0000000f 端口2=Reg[ 4]=00000003 
                 765 前指令型：R=0,I=0,B=1,S=0,J=0,U=0
                 765 立即(符U展後)：imm12=0000000c, imm20=00000000 
                 765 存ζ:使能端=0, 型:10, RAM[12]=00000000
                 765 存ζ髯x:x使能端=1, 型:010, RAM[12]=00000000
                 765 跳Dl件c：0
                 775 前指令地址addr：00000058
                 775 前指令C器ains：00b000b3
                 775 寄存器：使能端=1,Reg[ 1]=00000002 
                 775 寄存器x：端口1=Reg[ 0]=00000000 端口2=Reg[11]=00000002 
                 775 前指令型：R=1,I=0,B=0,S=0,J=0,U=0
                 775 立即(符U展後)：imm12=00000000, imm20=00000000 
                 775 存ζ:使能端=0, 型:10, RAM[ 2]=00000000
                 775 存ζ髯x:x使能端=1, 型:010, RAM[ 2]=00000000
                 785 前指令地址addr：0000005c
                 785 前指令C器ains：002085b3
                 785 寄存器：使能端=1,Reg[11]=00000003 
                 785 寄存器x：端口1=Reg[ 1]=00000002 端口2=Reg[ 2]=00000001 
                 785 存ζ:使能端=0, 型:10, RAM[ 3]=00000000
                 785 存ζ髯x:x使能端=1, 型:010, RAM[ 3]=00000000
                 795 前指令地址addr：00000060
                 795 前指令C器ains：00100133
                 795 寄存器：使能端=1,Reg[ 2]=00000002 
                 795 寄存器x：端口1=Reg[ 0]=00000000 端口2=Reg[ 1]=00000002 
                 795 存ζ:使能端=0, 型:10, RAM[ 2]=00000000
                 795 存ζ髯x:x使能端=1, 型:010, RAM[ 2]=00000000
                 805 前指令地址addr：00000064
                 805 前指令C器ains：00120213
                 805 寄存器：使能端=1,Reg[ 4]=00000004 
                 805 寄存器x：端口1=Reg[ 4]=00000003 端口2=Reg[ 1]=00000002 
                 805 前指令型：R=0,I=1,B=0,S=0,J=0,U=0
                 805 立即(符U展後)：imm12=00000001, imm20=00000000 
                 805 存ζ:使能端=0, 型:10, RAM[ 4]=00000000
                 805 存ζ髯x:x使能端=1, 型:010, RAM[ 4]=00000000
                 815 寄存器x：端口1=Reg[ 4]=00000004 端口2=Reg[ 3]=0000000f 
                 815 前指令地址addr：00000068
                 815 存ζ:使能端=0, 型:10, RAM[ 1]=00000000
                 815 存ζ髯x:x使能端=1, 型:010, RAM[ 1]=00000000
                 815 寄存器：使能端=0,Reg[17]=00000001 
                 815 前指令C器ains：fe3248e3
                 815 前指令型：R=0,I=0,B=1,S=0,J=0,U=0
                 815 立即(符U展後)：imm12=fffffff8, imm20=00000000 
                 815 跳Dl件c：1
                 815 下l指令碓pcs：01
                 825 前指令地址addr：00000058
                 825 前指令C器ains：00b000b3
                 825 寄存器：使能端=1,Reg[ 1]=00000003 
                 825 寄存器x：端口1=Reg[ 0]=00000000 端口2=Reg[11]=00000003 
                 825 前指令型：R=1,I=0,B=0,S=0,J=0,U=0
                 825 立即(符U展後)：imm12=00000000, imm20=00000000 
                 825 下l指令碓pcs：00
                 825 存ζ:使能端=0, 型:10, RAM[ 3]=00000000
                 825 存ζ髯x:x使能端=1, 型:010, RAM[ 3]=00000000
                 835 前指令地址addr：0000005c
                 835 前指令C器ains：002085b3
                 835 寄存器：使能端=1,Reg[11]=00000005 
                 835 寄存器x：端口1=Reg[ 1]=00000003 端口2=Reg[ 2]=00000002 
                 835 存ζ:使能端=0, 型:10, RAM[ 5]=00000000
                 835 存ζ髯x:x使能端=1, 型:010, RAM[ 5]=00000000
                 845 前指令地址addr：00000060
                 845 前指令C器ains：00100133
                 845 寄存器：使能端=1,Reg[ 2]=00000003 
                 845 寄存器x：端口1=Reg[ 0]=00000000 端口2=Reg[ 1]=00000003 
                 845 存ζ:使能端=0, 型:10, RAM[ 3]=00000000
                 845 存ζ髯x:x使能端=1, 型:010, RAM[ 3]=00000000
                 855 前指令地址addr：00000064
                 855 前指令C器ains：00120213
                 855 寄存器：使能端=1,Reg[ 4]=00000005 
                 855 寄存器x：端口1=Reg[ 4]=00000004 端口2=Reg[ 1]=00000003 
                 855 前指令型：R=0,I=1,B=0,S=0,J=0,U=0
                 855 立即(符U展後)：imm12=00000001, imm20=00000000 
                 855 存ζ:使能端=0, 型:10, RAM[ 5]=00000000
                 855 存ζ髯x:x使能端=1, 型:010, RAM[ 5]=00000000
                 865 寄存器x：端口1=Reg[ 4]=00000005 端口2=Reg[ 3]=0000000f 
                 865 前指令地址addr：00000068
                 865 存ζ:使能端=0, 型:10, RAM[ 1]=00000000
                 865 存ζ髯x:x使能端=1, 型:010, RAM[ 1]=00000000
                 865 寄存器：使能端=0,Reg[17]=00000001 
                 865 前指令C器ains：fe3248e3
                 865 前指令型：R=0,I=0,B=1,S=0,J=0,U=0
                 865 立即(符U展後)：imm12=fffffff8, imm20=00000000 
                 865 下l指令碓pcs：01
                 875 前指令地址addr：00000058
                 875 前指令C器ains：00b000b3
                 875 寄存器：使能端=1,Reg[ 1]=00000005 
                 875 寄存器x：端口1=Reg[ 0]=00000000 端口2=Reg[11]=00000005 
                 875 前指令型：R=1,I=0,B=0,S=0,J=0,U=0
                 875 立即(符U展後)：imm12=00000000, imm20=00000000 
                 875 下l指令碓pcs：00
                 875 存ζ:使能端=0, 型:10, RAM[ 5]=00000000
                 875 存ζ髯x:x使能端=1, 型:010, RAM[ 5]=00000000
                 885 前指令地址addr：0000005c
                 885 前指令C器ains：002085b3
                 885 寄存器：使能端=1,Reg[11]=00000008 
                 885 寄存器x：端口1=Reg[ 1]=00000005 端口2=Reg[ 2]=00000003 
                 885 存ζ:使能端=0, 型:10, RAM[ 8]=00000000
                 885 存ζ髯x:x使能端=1, 型:010, RAM[ 8]=00000000
                 895 前指令地址addr：00000060
                 895 前指令C器ains：00100133
                 895 寄存器：使能端=1,Reg[ 2]=00000005 
                 895 寄存器x：端口1=Reg[ 0]=00000000 端口2=Reg[ 1]=00000005 
                 895 存ζ:使能端=0, 型:10, RAM[ 5]=00000000
                 895 存ζ髯x:x使能端=1, 型:010, RAM[ 5]=00000000
                 905 前指令地址addr：00000064
                 905 前指令C器ains：00120213
                 905 寄存器：使能端=1,Reg[ 4]=00000006 
                 905 寄存器x：端口1=Reg[ 4]=00000005 端口2=Reg[ 1]=00000005 
                 905 前指令型：R=0,I=1,B=0,S=0,J=0,U=0
                 905 立即(符U展後)：imm12=00000001, imm20=00000000 
                 905 存ζ:使能端=0, 型:10, RAM[ 6]=00000000
                 905 存ζ髯x:x使能端=1, 型:010, RAM[ 6]=00000000
                 915 寄存器x：端口1=Reg[ 4]=00000006 端口2=Reg[ 3]=0000000f 
                 915 前指令地址addr：00000068
                 915 存ζ:使能端=0, 型:10, RAM[ 1]=00000000
                 915 存ζ髯x:x使能端=1, 型:010, RAM[ 1]=00000000
                 915 寄存器：使能端=0,Reg[17]=00000001 
                 915 前指令C器ains：fe3248e3
                 915 前指令型：R=0,I=0,B=1,S=0,J=0,U=0
                 915 立即(符U展後)：imm12=fffffff8, imm20=00000000 
                 915 下l指令碓pcs：01
                 925 前指令地址addr：00000058
                 925 前指令C器ains：00b000b3
                 925 寄存器：使能端=1,Reg[ 1]=00000008 
                 925 寄存器x：端口1=Reg[ 0]=00000000 端口2=Reg[11]=00000008 
                 925 前指令型：R=1,I=0,B=0,S=0,J=0,U=0
                 925 立即(符U展後)：imm12=00000000, imm20=00000000 
                 925 下l指令碓pcs：00
                 925 存ζ:使能端=0, 型:10, RAM[ 8]=00000000
                 925 存ζ髯x:x使能端=1, 型:010, RAM[ 8]=00000000
                 935 前指令地址addr：0000005c
                 935 前指令C器ains：002085b3
                 935 寄存器：使能端=1,Reg[11]=0000000d 
                 935 寄存器x：端口1=Reg[ 1]=00000008 端口2=Reg[ 2]=00000005 
                 935 存ζ:使能端=0, 型:10, RAM[13]=00000000
                 935 存ζ髯x:x使能端=1, 型:010, RAM[13]=00000000
                 945 前指令地址addr：00000060
                 945 前指令C器ains：00100133
                 945 寄存器：使能端=1,Reg[ 2]=00000008 
                 945 寄存器x：端口1=Reg[ 0]=00000000 端口2=Reg[ 1]=00000008 
                 945 存ζ:使能端=0, 型:10, RAM[ 8]=00000000
                 945 存ζ髯x:x使能端=1, 型:010, RAM[ 8]=00000000
                 955 前指令地址addr：00000064
                 955 前指令C器ains：00120213
                 955 寄存器：使能端=1,Reg[ 4]=00000007 
                 955 寄存器x：端口1=Reg[ 4]=00000006 端口2=Reg[ 1]=00000008 
                 955 前指令型：R=0,I=1,B=0,S=0,J=0,U=0
                 955 立即(符U展後)：imm12=00000001, imm20=00000000 
                 955 存ζ:使能端=0, 型:10, RAM[ 7]=00000000
                 955 存ζ髯x:x使能端=1, 型:010, RAM[ 7]=00000000
                 965 寄存器x：端口1=Reg[ 4]=00000007 端口2=Reg[ 3]=0000000f 
                 965 前指令地址addr：00000068
                 965 存ζ:使能端=0, 型:10, RAM[ 1]=00000000
                 965 存ζ髯x:x使能端=1, 型:010, RAM[ 1]=00000000
                 965 寄存器：使能端=0,Reg[17]=00000001 
                 965 前指令C器ains：fe3248e3
                 965 前指令型：R=0,I=0,B=1,S=0,J=0,U=0
                 965 立即(符U展後)：imm12=fffffff8, imm20=00000000 
                 965 下l指令碓pcs：01
                 975 前指令地址addr：00000058
                 975 前指令C器ains：00b000b3
                 975 寄存器：使能端=1,Reg[ 1]=0000000d 
                 975 寄存器x：端口1=Reg[ 0]=00000000 端口2=Reg[11]=0000000d 
                 975 前指令型：R=1,I=0,B=0,S=0,J=0,U=0
                 975 立即(符U展後)：imm12=00000000, imm20=00000000 
                 975 下l指令碓pcs：00
                 975 存ζ:使能端=0, 型:10, RAM[13]=00000000
                 975 存ζ髯x:x使能端=1, 型:010, RAM[13]=00000000
                 985 前指令地址addr：0000005c
                 985 前指令C器ains：002085b3
                 985 寄存器：使能端=1,Reg[11]=00000015 
                 985 寄存器x：端口1=Reg[ 1]=0000000d 端口2=Reg[ 2]=00000008 
                 985 存ζ:使能端=0, 型:10, RAM[21]=00000000
                 985 存ζ髯x:x使能端=1, 型:010, RAM[21]=00000000
                 995 前指令地址addr：00000060
                 995 前指令C器ains：00100133
                 995 寄存器：使能端=1,Reg[ 2]=0000000d 
                 995 寄存器x：端口1=Reg[ 0]=00000000 端口2=Reg[ 1]=0000000d 
                 995 存ζ:使能端=0, 型:10, RAM[13]=00000000
                 995 存ζ髯x:x使能端=1, 型:010, RAM[13]=00000000
